Determining if the pthread_create exist failed with the following output:
Change Dir: /home/terminal/catkin_ws/src/xbot_bringup/cmake-build-debug/CMakeFiles/CMakeTmp

Run Build Command:"/usr/bin/make" "cmTC_c7a32/fast"
/usr/bin/make -f CMakeFiles/cmTC_c7a32.dir/build.make CMakeFiles/cmTC_c7a32.dir/build
make[1]: Entering directory '/home/terminal/catkin_ws/src/xbot_bringup/cmake-build-debug/CMakeFiles/CMakeTmp'
Building C object CMakeFiles/cmTC_c7a32.dir/CheckSymbolExists.c.o
/usr/bin/cc    -o CMakeFiles/cmTC_c7a32.dir/CheckSymbolExists.c.o   -c /home/terminal/catkin_ws/src/xbot_bringup/cmake-build-debug/CMakeFiles/CMakeTmp/CheckSymbolExists.c
Linking C executable cmTC_c7a32
/home/terminal/software/clion-2018.3.1/bin/cmake/linux/bin/cmake -E cmake_link_script CMakeFiles/cmTC_c7a32.dir/link.txt --verbose=1
/usr/bin/cc      -rdynamic CMakeFiles/cmTC_c7a32.dir/CheckSymbolExists.c.o  -o cmTC_c7a32 
CMakeFiles/cmTC_c7a32.dir/CheckSymbolExists.c.o: In function `main':
CheckSymbolExists.c:(.text+0x16): undefined reference to `pthread_create'
collect2: error: ld returned 1 exit status
CMakeFiles/cmTC_c7a32.dir/build.make:86: recipe for target 'cmTC_c7a32' failed
make[1]: *** [cmTC_c7a32] Error 1
make[1]: Leaving directory '/home/terminal/catkin_ws/src/xbot_bringup/cmake-build-debug/CMakeFiles/CMakeTmp'
Makefile:121: recipe for target 'cmTC_c7a32/fast' failed
make: *** [cmTC_c7a32/fast] Error 2

File /home/terminal/catkin_ws/src/xbot_bringup/cmake-build-debug/CMakeFiles/CMakeTmp/CheckSymbolExists.c:
/* */
#include <pthread.h>

int main(int argc, char** argv)
{
  (void)argv;
#ifndef pthread_create
  return ((int*)(&pthread_create))[argc];
#else
  (void)argc;
  return 0;
#endif
}

Determining if the function pthread_create exists in the pthreads failed with the following output:
Change Dir: /home/terminal/catkin_ws/src/xbot_bringup/cmake-build-debug/CMakeFiles/CMakeTmp

Run Build Command:"/usr/bin/make" "cmTC_6de29/fast"
/usr/bin/make -f CMakeFiles/cmTC_6de29.dir/build.make CMakeFiles/cmTC_6de29.dir/build
make[1]: Entering directory '/home/terminal/catkin_ws/src/xbot_bringup/cmake-build-debug/CMakeFiles/CMakeTmp'
Building C object CMakeFiles/cmTC_6de29.dir/CheckFunctionExists.c.o
/usr/bin/cc   -DCHECK_FUNCTION_EXISTS=pthread_create   -o CMakeFiles/cmTC_6de29.dir/CheckFunctionExists.c.o   -c /home/terminal/software/clion-2018.3.1/bin/cmake/linux/share/cmake-3.13/Modules/CheckFunctionExists.c
Linking C executable cmTC_6de29
/home/terminal/software/clion-2018.3.1/bin/cmake/linux/bin/cmake -E cmake_link_script CMakeFiles/cmTC_6de29.dir/link.txt --verbose=1
/usr/bin/cc  -DCHECK_FUNCTION_EXISTS=pthread_create    -rdynamic CMakeFiles/cmTC_6de29.dir/CheckFunctionExists.c.o  -o cmTC_6de29 -lpthreads 
/usr/bin/ld: cannot find -lpthreads
collect2: error: ld returned 1 exit status
CMakeFiles/cmTC_6de29.dir/build.make:86: recipe for target 'cmTC_6de29' failed
make[1]: *** [cmTC_6de29] Error 1
make[1]: Leaving directory '/home/terminal/catkin_ws/src/xbot_bringup/cmake-build-debug/CMakeFiles/CMakeTmp'
Makefile:121: recipe for target 'cmTC_6de29/fast' failed
make: *** [cmTC_6de29/fast] Error 2


