Determining if the pthread_create exist failed with the following output:
Change Dir: /home/zhang/catkin_learn/build_isolated/mbot_bringup/CMakeFiles/CMakeTmp

Run Build Command:"/usr/bin/make" "cmTC_afb9c/fast"
/usr/bin/make -f CMakeFiles/cmTC_afb9c.dir/build.make CMakeFiles/cmTC_afb9c.dir/build
make[1]: Entering directory '/home/zhang/catkin_learn/build_isolated/mbot_bringup/CMakeFiles/CMakeTmp'
Building C object CMakeFiles/cmTC_afb9c.dir/CheckSymbolExists.c.o
/usr/bin/cc     -o CMakeFiles/cmTC_afb9c.dir/CheckSymbolExists.c.o   -c /home/zhang/catkin_learn/build_isolated/mbot_bringup/CMakeFiles/CMakeTmp/CheckSymbolExists.c
Linking C executable cmTC_afb9c
/usr/bin/cmake -E cmake_link_script CMakeFiles/cmTC_afb9c.dir/link.txt --verbose=1
/usr/bin/cc       CMakeFiles/cmTC_afb9c.dir/CheckSymbolExists.c.o  -o cmTC_afb9c -rdynamic 
CMakeFiles/cmTC_afb9c.dir/CheckSymbolExists.c.o: In function `main':
CheckSymbolExists.c:(.text+0x16): undefined reference to `pthread_create'
collect2: error: ld returned 1 exit status
CMakeFiles/cmTC_afb9c.dir/build.make:97: recipe for target 'cmTC_afb9c' failed
make[1]: *** [cmTC_afb9c] Error 1
make[1]: Leaving directory '/home/zhang/catkin_learn/build_isolated/mbot_bringup/CMakeFiles/CMakeTmp'
Makefile:126: recipe for target 'cmTC_afb9c/fast' failed
make: *** [cmTC_afb9c/fast] Error 2

File /home/zhang/catkin_learn/build_isolated/mbot_bringup/CMakeFiles/CMakeTmp/CheckSymbolExists.c:
/* */
#include <pthread.h>

int main(int argc, char** argv)
{
  (void)argv;
#ifndef pthread_create
  return ((int*)(&pthread_create))[argc];
#else
  (void)argc;
  return 0;
#endif
}

Determining if the function pthread_create exists in the pthreads failed with the following output:
Change Dir: /home/zhang/catkin_learn/build_isolated/mbot_bringup/CMakeFiles/CMakeTmp

Run Build Command:"/usr/bin/make" "cmTC_122e6/fast"
/usr/bin/make -f CMakeFiles/cmTC_122e6.dir/build.make CMakeFiles/cmTC_122e6.dir/build
make[1]: Entering directory '/home/zhang/catkin_learn/build_isolated/mbot_bringup/CMakeFiles/CMakeTmp'
Building C object CMakeFiles/cmTC_122e6.dir/CheckFunctionExists.c.o
/usr/bin/cc    -DCHECK_FUNCTION_EXISTS=pthread_create   -o CMakeFiles/cmTC_122e6.dir/CheckFunctionExists.c.o   -c /usr/share/cmake-3.5/Modules/CheckFunctionExists.c
Linking C executable cmTC_122e6
/usr/bin/cmake -E cmake_link_script CMakeFiles/cmTC_122e6.dir/link.txt --verbose=1
/usr/bin/cc   -DCHECK_FUNCTION_EXISTS=pthread_create    CMakeFiles/cmTC_122e6.dir/CheckFunctionExists.c.o  -o cmTC_122e6 -rdynamic -lpthreads 
/usr/bin/ld: cannot find -lpthreads
collect2: error: ld returned 1 exit status
CMakeFiles/cmTC_122e6.dir/build.make:97: recipe for target 'cmTC_122e6' failed
make[1]: *** [cmTC_122e6] Error 1
make[1]: Leaving directory '/home/zhang/catkin_learn/build_isolated/mbot_bringup/CMakeFiles/CMakeTmp'
Makefile:126: recipe for target 'cmTC_122e6/fast' failed
make: *** [cmTC_122e6/fast] Error 2


