Determining if the pthread_create exist failed with the following output:
Change Dir: /home/zhang/catkin_learn/build_isolated/learning_communication/CMakeFiles/CMakeTmp

Run Build Command:"/usr/bin/make" "cmTC_c1a11/fast"
/usr/bin/make -f CMakeFiles/cmTC_c1a11.dir/build.make CMakeFiles/cmTC_c1a11.dir/build
make[1]: Entering directory '/home/zhang/catkin_learn/build_isolated/learning_communication/CMakeFiles/CMakeTmp'
Building C object CMakeFiles/cmTC_c1a11.dir/CheckSymbolExists.c.o
/usr/bin/cc     -o CMakeFiles/cmTC_c1a11.dir/CheckSymbolExists.c.o   -c /home/zhang/catkin_learn/build_isolated/learning_communication/CMakeFiles/CMakeTmp/CheckSymbolExists.c
Linking C executable cmTC_c1a11
/usr/bin/cmake -E cmake_link_script CMakeFiles/cmTC_c1a11.dir/link.txt --verbose=1
/usr/bin/cc       CMakeFiles/cmTC_c1a11.dir/CheckSymbolExists.c.o  -o cmTC_c1a11 -rdynamic 
CMakeFiles/cmTC_c1a11.dir/CheckSymbolExists.c.o: In function `main':
CheckSymbolExists.c:(.text+0x16): undefined reference to `pthread_create'
collect2: error: ld returned 1 exit status
CMakeFiles/cmTC_c1a11.dir/build.make:97: recipe for target 'cmTC_c1a11' failed
make[1]: *** [cmTC_c1a11] Error 1
make[1]: Leaving directory '/home/zhang/catkin_learn/build_isolated/learning_communication/CMakeFiles/CMakeTmp'
Makefile:126: recipe for target 'cmTC_c1a11/fast' failed
make: *** [cmTC_c1a11/fast] Error 2

File /home/zhang/catkin_learn/build_isolated/learning_communication/CMakeFiles/CMakeTmp/CheckSymbolExists.c:
/* */
#include <pthread.h>

int main(int argc, char** argv)
{
  (void)argv;
#ifndef pthread_create
  return ((int*)(&pthread_create))[argc];
#else
  (void)argc;
  return 0;
#endif
}

Determining if the function pthread_create exists in the pthreads failed with the following output:
Change Dir: /home/zhang/catkin_learn/build_isolated/learning_communication/CMakeFiles/CMakeTmp

Run Build Command:"/usr/bin/make" "cmTC_87c9b/fast"
/usr/bin/make -f CMakeFiles/cmTC_87c9b.dir/build.make CMakeFiles/cmTC_87c9b.dir/build
make[1]: Entering directory '/home/zhang/catkin_learn/build_isolated/learning_communication/CMakeFiles/CMakeTmp'
Building C object CMakeFiles/cmTC_87c9b.dir/CheckFunctionExists.c.o
/usr/bin/cc    -DCHECK_FUNCTION_EXISTS=pthread_create   -o CMakeFiles/cmTC_87c9b.dir/CheckFunctionExists.c.o   -c /usr/share/cmake-3.5/Modules/CheckFunctionExists.c
Linking C executable cmTC_87c9b
/usr/bin/cmake -E cmake_link_script CMakeFiles/cmTC_87c9b.dir/link.txt --verbose=1
/usr/bin/cc   -DCHECK_FUNCTION_EXISTS=pthread_create    CMakeFiles/cmTC_87c9b.dir/CheckFunctionExists.c.o  -o cmTC_87c9b -rdynamic -lpthreads 
/usr/bin/ld: cannot find -lpthreads
collect2: error: ld returned 1 exit status
CMakeFiles/cmTC_87c9b.dir/build.make:97: recipe for target 'cmTC_87c9b' failed
make[1]: *** [cmTC_87c9b] Error 1
make[1]: Leaving directory '/home/zhang/catkin_learn/build_isolated/learning_communication/CMakeFiles/CMakeTmp'
Makefile:126: recipe for target 'cmTC_87c9b/fast' failed
make: *** [cmTC_87c9b/fast] Error 2


