Determining if the pthread_create exist failed with the following output:
Change Dir: /home/zhang/catkin_learn/build_isolated/rrt_exploration/CMakeFiles/CMakeTmp

Run Build Command:"/usr/bin/make" "cmTC_ed12c/fast"
/usr/bin/make -f CMakeFiles/cmTC_ed12c.dir/build.make CMakeFiles/cmTC_ed12c.dir/build
make[1]: Entering directory '/home/zhang/catkin_learn/build_isolated/rrt_exploration/CMakeFiles/CMakeTmp'
Building C object CMakeFiles/cmTC_ed12c.dir/CheckSymbolExists.c.o
/usr/bin/cc     -o CMakeFiles/cmTC_ed12c.dir/CheckSymbolExists.c.o   -c /home/zhang/catkin_learn/build_isolated/rrt_exploration/CMakeFiles/CMakeTmp/CheckSymbolExists.c
Linking C executable cmTC_ed12c
/usr/bin/cmake -E cmake_link_script CMakeFiles/cmTC_ed12c.dir/link.txt --verbose=1
/usr/bin/cc       CMakeFiles/cmTC_ed12c.dir/CheckSymbolExists.c.o  -o cmTC_ed12c -rdynamic 
CMakeFiles/cmTC_ed12c.dir/CheckSymbolExists.c.o: In function `main':
CheckSymbolExists.c:(.text+0x16): undefined reference to `pthread_create'
collect2: error: ld returned 1 exit status
CMakeFiles/cmTC_ed12c.dir/build.make:97: recipe for target 'cmTC_ed12c' failed
make[1]: *** [cmTC_ed12c] Error 1
make[1]: Leaving directory '/home/zhang/catkin_learn/build_isolated/rrt_exploration/CMakeFiles/CMakeTmp'
Makefile:126: recipe for target 'cmTC_ed12c/fast' failed
make: *** [cmTC_ed12c/fast] Error 2

File /home/zhang/catkin_learn/build_isolated/rrt_exploration/CMakeFiles/CMakeTmp/CheckSymbolExists.c:
/* */
#include <pthread.h>

int main(int argc, char** argv)
{
  (void)argv;
#ifndef pthread_create
  return ((int*)(&pthread_create))[argc];
#else
  (void)argc;
  return 0;
#endif
}

Determining if the function pthread_create exists in the pthreads failed with the following output:
Change Dir: /home/zhang/catkin_learn/build_isolated/rrt_exploration/CMakeFiles/CMakeTmp

Run Build Command:"/usr/bin/make" "cmTC_50974/fast"
/usr/bin/make -f CMakeFiles/cmTC_50974.dir/build.make CMakeFiles/cmTC_50974.dir/build
make[1]: Entering directory '/home/zhang/catkin_learn/build_isolated/rrt_exploration/CMakeFiles/CMakeTmp'
Building C object CMakeFiles/cmTC_50974.dir/CheckFunctionExists.c.o
/usr/bin/cc    -DCHECK_FUNCTION_EXISTS=pthread_create   -o CMakeFiles/cmTC_50974.dir/CheckFunctionExists.c.o   -c /usr/share/cmake-3.5/Modules/CheckFunctionExists.c
Linking C executable cmTC_50974
/usr/bin/cmake -E cmake_link_script CMakeFiles/cmTC_50974.dir/link.txt --verbose=1
/usr/bin/cc   -DCHECK_FUNCTION_EXISTS=pthread_create    CMakeFiles/cmTC_50974.dir/CheckFunctionExists.c.o  -o cmTC_50974 -rdynamic -lpthreads 
/usr/bin/ld: cannot find -lpthreads
collect2: error: ld returned 1 exit status
CMakeFiles/cmTC_50974.dir/build.make:97: recipe for target 'cmTC_50974' failed
make[1]: *** [cmTC_50974] Error 1
make[1]: Leaving directory '/home/zhang/catkin_learn/build_isolated/rrt_exploration/CMakeFiles/CMakeTmp'
Makefile:126: recipe for target 'cmTC_50974/fast' failed
make: *** [cmTC_50974/fast] Error 2


